<?xml version="1.0" encoding="UTF-8"?>
<!-- Generated by org.testng.reporters.JUnitXMLReporter -->
<testsuite ignored="0" hostname="Saikats-MacBook-Pro.local" failures="0" tests="5" name="Open Cart Home Page Test" time="58.468" errors="0" timestamp="09 Mar 2024 21:50:34 GMT">
  <testcase classname="com.qa.opencart.tests.HomePageTest" name="homePageTitleTest" time="0.631"/>
  <testcase classname="com.qa.opencart.tests.HomePageTest" name="homePageURLTest" time="0.001"/>
  <testcase classname="com.qa.opencart.tests.HomePageTest" name="searchTest" time="2.921"/>
  <testcase classname="com.qa.opencart.tests.HomePageTest" name="searchTest" time="0.888"/>
  <testcase classname="com.qa.opencart.tests.HomePageTest" name="searchTest" time="0.663"/>
</testsuite> <!-- Open Cart Home Page Test -->
