<?xml version="1.0" encoding="UTF-8"?>
<!-- Generated by org.testng.reporters.JUnitXMLReporter -->
<testsuite ignored="0" hostname="Saikats-MacBook-Pro.local" failures="0" tests="2" name="Open Cart Login Page Test" time="17.193" errors="0" timestamp="09 Mar 2024 23:16:33 GMT">
  <testcase classname="com.qa.project.tests.LoginPageTest" name="verifySuccesfullyloadedLoginpage" time="3.474"/>
  <testcase classname="com.qa.project.tests.LoginPageTest" name="verifySuccesfullyLoggedIn" time="1.339"/>
</testsuite> <!-- Open Cart Login Page Test -->
