<?xml version="1.0" encoding="UTF-8"?>
<!-- Generated by org.testng.reporters.JUnitXMLReporter -->
<testsuite ignored="0" hostname="Saikats-MacBook-Pro.local" failures="0" tests="5" name="Open Cart Home Page Test" time="22.711" errors="0" timestamp="09 Mar 2024 19:41:24 GMT">
  <testcase classname="com.qa.opencart.tests.HomePageTest" name="homePageTitleTest" time="0.552"/>
  <testcase classname="com.qa.opencart.tests.HomePageTest" name="homePageURLTest" time="0.003"/>
  <testcase classname="com.qa.opencart.tests.HomePageTest" name="searchTest" time="2.411"/>
  <testcase classname="com.qa.opencart.tests.HomePageTest" name="searchTest" time="1.106"/>
  <testcase classname="com.qa.opencart.tests.HomePageTest" name="searchTest" time="0.539"/>
</testsuite> <!-- Open Cart Home Page Test -->
