<?xml version="1.0" encoding="UTF-8"?>
<!-- Generated by org.testng.reporters.JUnitXMLReporter -->
<testsuite ignored="0" hostname="Saikats-MacBook-Pro.local" failures="0" tests="2" name="Open Cart Login Page Test" time="20.824" errors="0" timestamp="09 Mar 2024 23:05:18 GMT">
  <testcase classname="com.qa.project.tests.LoginPageTest" name="verifySuccesfullyloadedLoginpage" time="3.212"/>
  <testcase classname="com.qa.project.tests.LoginPageTest" name="verifySuccesfullyLoggedIn" time="1.276"/>
</testsuite> <!-- Open Cart Login Page Test -->
