<?xml version="1.0" encoding="UTF-8"?>
<testng-results ignored="0" total="7" passed="7" failed="0" skipped="0">
  <reporter-output>
  </reporter-output>
  <suite started-at="2024-03-09T23:16:16Z" name="Open Cart Test Regression PW Suite" finished-at="2024-03-09T23:16:35Z" duration-ms="19590">
    <groups>
    </groups>
    <test started-at="2024-03-09T23:16:16Z" name="Open Cart Login Page Test" finished-at="2024-03-09T23:16:33Z" duration-ms="17193">
      <class name="com.qa.project.tests.LoginPageTest">
        <test-method is-config="true" signature="setup()[pri:0, instance:com.qa.project.tests.LoginPageTest@3eb81efb]" started-at="2024-03-09T23:16:16Z" name="setup" finished-at="2024-03-09T23:16:27Z" duration-ms="11851" status="PASS">
          <reporter-output>
          </reporter-output>
        </test-method> <!-- setup -->
        <test-method signature="verifySuccesfullyloadedLoginpage()[pri:1, instance:com.qa.project.tests.LoginPageTest@3eb81efb]" started-at="2024-03-09T23:16:27Z" name="verifySuccesfullyloadedLoginpage" description="This test will verify User is Navigated to Login Page" finished-at="2024-03-09T23:16:31Z" duration-ms="3474" status="PASS">
          <reporter-output>
          </reporter-output>
        </test-method> <!-- verifySuccesfullyloadedLoginpage -->
        <test-method signature="verifySuccesfullyLoggedIn()[pri:2, instance:com.qa.project.tests.LoginPageTest@3eb81efb]" started-at="2024-03-09T23:16:31Z" name="verifySuccesfullyLoggedIn" description="This test will verify User is able to logged in Successfully" finished-at="2024-03-09T23:16:33Z" duration-ms="1339" status="PASS">
          <reporter-output>
          </reporter-output>
        </test-method> <!-- verifySuccesfullyLoggedIn -->
        <test-method is-config="true" signature="tearDown()[pri:0, instance:com.qa.project.tests.LoginPageTest@3eb81efb]" started-at="2024-03-09T23:16:33Z" name="tearDown" finished-at="2024-03-09T23:16:33Z" duration-ms="83" status="PASS">
          <reporter-output>
          </reporter-output>
        </test-method> <!-- tearDown -->
      </class> <!-- com.qa.project.tests.LoginPageTest -->
    </test> <!-- Open Cart Login Page Test -->
    <test started-at="2024-03-09T23:16:16Z" name="Open Cart Home Page Test" finished-at="2024-03-09T23:16:35Z" duration-ms="19590">
      <class name="com.qa.project.tests.HomePageTest">
        <test-method is-config="true" signature="setup()[pri:0, instance:com.qa.project.tests.HomePageTest@518caac3]" started-at="2024-03-09T23:16:16Z" name="setup" finished-at="2024-03-09T23:16:28Z" duration-ms="12619" status="PASS">
          <reporter-output>
          </reporter-output>
        </test-method> <!-- setup -->
        <test-method signature="homePageTitleTest()[pri:1, instance:com.qa.project.tests.HomePageTest@518caac3]" started-at="2024-03-09T23:16:28Z" name="homePageTitleTest" description="This test will verify the home page title" finished-at="2024-03-09T23:16:29Z" duration-ms="382" status="PASS">
          <reporter-output>
          </reporter-output>
        </test-method> <!-- homePageTitleTest -->
        <test-method signature="homePageURLTest()[pri:2, instance:com.qa.project.tests.HomePageTest@518caac3]" started-at="2024-03-09T23:16:31Z" name="homePageURLTest" description="This test will verify the home page URL" finished-at="2024-03-09T23:16:31Z" duration-ms="3" status="PASS">
          <reporter-output>
          </reporter-output>
        </test-method> <!-- homePageURLTest -->
        <test-method signature="searchTest(java.lang.String)[pri:3, instance:com.qa.project.tests.HomePageTest@518caac3]" started-at="2024-03-09T23:16:31Z" name="searchTest" description="This test will verify the search results" data-provider="getproductData" finished-at="2024-03-09T23:16:33Z" duration-ms="2307" status="PASS">
          <params>
            <param index="0">
              <value>
                <![CDATA[Macbook]]>
              </value>
            </param>
          </params>
          <reporter-output>
          </reporter-output>
        </test-method> <!-- searchTest -->
        <test-method signature="searchTest(java.lang.String)[pri:3, instance:com.qa.project.tests.HomePageTest@518caac3]" started-at="2024-03-09T23:16:34Z" name="searchTest" description="This test will verify the search results" data-provider="getproductData" finished-at="2024-03-09T23:16:34Z" duration-ms="631" status="PASS">
          <params>
            <param index="0">
              <value>
                <![CDATA[iMac]]>
              </value>
            </param>
          </params>
          <reporter-output>
          </reporter-output>
        </test-method> <!-- searchTest -->
        <test-method signature="searchTest(java.lang.String)[pri:3, instance:com.qa.project.tests.HomePageTest@518caac3]" started-at="2024-03-09T23:16:34Z" name="searchTest" description="This test will verify the search results" data-provider="getproductData" finished-at="2024-03-09T23:16:35Z" duration-ms="540" status="PASS">
          <params>
            <param index="0">
              <value>
                <![CDATA[Samsung]]>
              </value>
            </param>
          </params>
          <reporter-output>
          </reporter-output>
        </test-method> <!-- searchTest -->
        <test-method is-config="true" signature="tearDown()[pri:0, instance:com.qa.project.tests.HomePageTest@518caac3]" started-at="2024-03-09T23:16:35Z" name="tearDown" finished-at="2024-03-09T23:16:35Z" duration-ms="81" status="PASS">
          <reporter-output>
          </reporter-output>
        </test-method> <!-- tearDown -->
      </class> <!-- com.qa.project.tests.HomePageTest -->
    </test> <!-- Open Cart Home Page Test -->
  </suite> <!-- Open Cart Test Regression PW Suite -->
</testng-results>
